<?xml version="1.0" encoding="utf-8"?><testsuites name="pytest tests"><testsuite name="pytest" errors="0" failures="0" skipped="0" tests="470" time="297.835" timestamp="2026-09-07T16:46:04.893101-03:00" hostname="Daniel"><testcase classname="tests.test_app" name="test_export_report_pdf" time="0.026" /><testcase classname="tests.test_app" name="test_export_report_empty" time="0.007" /><testcase classname="tests.test_app" name="test_render_data_mode_badge_demo_seed" time="0.003" /><testcase classname="tests.test_app" name="test_render_data_mode_badge_prototype" time="0.002" /><testcase classname="tests.test_app" name="test_render_demo_scope_banner_mentions_vp049" time="0.079" /><testcase classname="tests.test_app" name="test_render_folium_map_fetches_gdf_when_missing" time="0.004" /><testcase classname="tests.test_app" name="test_render_folium_map_method" time="0.004" /><testcase classname="tests.test_app" name="test_dashboard_init" time="0.001" /><testcase classname="tests.test_app" name="test_demo_banner_names_localities_with_real_detection_evidence" time="0.002" /><testcase classname="tests.test_app" name="test_render_risk_legend" time="0.001" /><testcase classname="tests.test_app" name="test_render_technical_details_expander_includes_ml_panel" time="0.002" /><testcase classname="tests.test_app" name="test_render_technical_details_expander_shows_dash_when_no_real_run" time="0.011" /><testcase classname="tests.test_app" name="test_pick_demo_date_uses_calendar_when_available" time="0.002" /><testcase classname="tests.test_app" name="test_pick_demo_date_falls_back_to_slider" time="0.002" /><testcase classname="tests.test_app" name="test_render_risk_map_returns_clicked_cell" time="0.004" /><testcase classname="tests.test_app" name="test_ensure_default_selection_shows_top_risk_ficha_on_initial_load" time="0.014" /><testcase classname="tests.test_app" name="test_ensure_default_selection_noop_without_top_risk" time="0.001" /><testcase classname="tests.test_app" name="test_ensure_default_selection_respects_explicit_click" time="0.001" /><testcase classname="tests.test_app" name="test_ensure_default_selection_skips_after_limpiar" time="0.001" /><testcase classname="tests.test_app" name="test_cached_date_range_from_demo_seed" time="0.001" /><testcase classname="tests.test_app" name="test_cached_available_dates_from_demo_seed" time="0.001" /><testcase classname="tests.test_app" name="test_app_reexports_protected_banner_alias" time="0.001" /><testcase classname="tests.test_app_integration" name="test_main_runs_without_exceptions" time="13.679" /><testcase classname="tests.test_app_integration" name="test_prototype_mode_is_the_default_and_runs_without_exceptions" time="0.643" /><testcase classname="tests.test_app_integration" name="test_priority_zones_and_trend_sections_are_present" time="0.996" /><testcase classname="tests.test_app_integration" name="test_default_demo_day_has_two_priority_alerts" time="1.010" /><testcase classname="tests.test_app_integration" name="test_selecting_a_priority_alert_updates_the_selected_cell" time="1.611" /><testcase classname="tests.test_architecture" name="test_frontend_data_contract_compliance" time="0.131" /><testcase classname="tests.test_backfill_dmc_historico" name="test_months_in_range_spans_years_correctly" time="0.001" /><testcase classname="tests.test_backfill_dmc_historico" name="test_records_equal_ignores_fechacreacion_and_order" time="0.002" /><testcase classname="tests.test_backfill_dmc_historico" name="test_records_equal_detects_a_real_difference" time="0.003" /><testcase classname="tests.test_backfill_dmc_historico" name="test_run_backfill_writes_new_months_and_skips_identical_ones" time="0.024" /><testcase classname="tests.test_backfill_dmc_historico" name="test_run_backfill_flags_a_conflict_without_overwriting" time="0.014" /><testcase classname="tests.test_backfill_dmc_historico" name="test_run_backfill_records_months_with_no_data" time="0.006" /><testcase classname="tests.test_backfill_dmc_historico" name="test_run_backfill_records_failed_months_without_aborting" time="0.008" /><testcase classname="tests.test_baseline" name="test_train_classifier_returns_metrics" time="4.450" /><testcase classname="tests.test_baseline" name="test_predict_probability_bounded" time="4.166" /><testcase classname="tests.test_baseline" name="test_persist_predictions_writes_geometry_to_postgis" time="0.007" /><testcase classname="tests.test_causality_validator" name="test_feature_timestamp_before_forecast_time_is_valid" time="0.008" /><testcase classname="tests.test_causality_validator" name="test_feature_timestamp_equal_to_forecast_time_is_valid" time="0.006" /><testcase classname="tests.test_causality_validator" name="test_feature_timestamp_after_forecast_time_is_a_violation" time="0.008" /><testcase classname="tests.test_causality_validator" name="test_raises_by_default_on_violation" time="0.007" /><testcase classname="tests.test_causality_validator" name="test_target_timestamp_strictly_after_forecast_time_is_valid" time="0.007" /><testcase classname="tests.test_causality_validator" name="test_target_timestamp_at_or_before_forecast_time_is_a_violation" time="0.007" /><testcase classname="tests.test_causality_validator" name="test_full_fixture_from_the_audit_request" time="0.009" /><testcase classname="tests.test_causality_validator" name="test_full_fixture_fails_if_the_future_meteo_reading_leaks_in" time="0.006" /><testcase classname="tests.test_causality_validator" name="test_missing_optional_columns_are_skipped_not_treated_as_violations" time="0.006" /><testcase classname="tests.test_causality_validator" name="test_nat_values_do_not_count_as_violations" time="0.007" /><testcase classname="tests.test_cell_table" name="test_build_display_dataframe_columns" time="0.038" /><testcase classname="tests.test_cell_table" name="test_build_display_dataframe_formats_invalid_regla_value" time="0.047" /><testcase classname="tests.test_cell_table" name="test_cell_id_from_tooltip" time="0.002" /><testcase classname="tests.test_cell_table" name="test_cell_id_from_empty_output" time="0.002" /><testcase classname="tests.test_cell_table" name="test_cell_id_from_popup" time="0.001" /><testcase classname="tests.test_cell_table" name="test_cell_id_from_coordinates_out_of_range" time="0.009" /><testcase classname="tests.test_cell_table" name="test_cell_id_skips_cells_not_in_valid_set" time="0.010" /><testcase classname="tests.test_cell_table" name="test_cell_id_from_coordinates" time="0.013" /><testcase classname="tests.test_cell_table" name="test_row_index_for_cell" time="0.028" /><testcase classname="tests.test_cell_table" name="test_top_risk_cell_prioritizes_nivel_over_probabilidad" time="0.015" /><testcase classname="tests.test_cell_table" name="test_top_risk_cell_breaks_tie_by_probabilidad" time="0.015" /><testcase classname="tests.test_cell_table" name="test_top_risk_cell_regla_inactive_when_zero" time="0.018" /><testcase classname="tests.test_cell_table" name="test_top_risk_cell_invalid_regla_value_falls_back_to_false" time="0.011" /><testcase classname="tests.test_cell_table" name="test_top_risk_cell_maps_short_zona_label" time="0.017" /><testcase classname="tests.test_cell_table" name="test_top_risk_cell_empty_or_none_gdf_returns_none" time="0.006" /><testcase classname="tests.test_cell_table" name="test_set_selected_cell_increments_epoch_on_map" time="0.001" /><testcase classname="tests.test_cell_zones" name="test_zone_costa" time="0.001" /><testcase classname="tests.test_cell_zones" name="test_zone_urbano" time="0.001" /><testcase classname="tests.test_cell_zones" name="test_zone_precordillera" time="0.001" /><testcase classname="tests.test_cell_zones" name="test_zone_label" time="0.001" /><testcase classname="tests.test_config" name="test_get_backend_database_url_prefers_direct" time="0.001" /><testcase classname="tests.test_config" name="test_get_backend_database_url_falls_back_to_database_url" time="0.001" /><testcase classname="tests.test_dataset_cleaner" name="test_deduplicate_keeps_matched_over_out_of_tolerance" time="0.034" /><testcase classname="tests.test_dataset_cleaner" name="test_deduplicate_rounds_coordinates_to_five_decimals" time="0.029" /><testcase classname="tests.test_dataset_cleaner" name="test_clean_preserves_null_meteo_for_non_matched" time="0.060" /><testcase classname="tests.test_dataset_cleaner" name="test_clean_imputes_and_winsorizes_only_matched" time="0.081" /><testcase classname="tests.test_dataset_cleaner" name="test_physical_bounds_clip_temperature_below_minus_10" time="0.064" /><testcase classname="tests.test_date_helpers" name="test_demo_date_window_seven_days" time="0.004" /><testcase classname="tests.test_date_helpers" name="test_resolve_date_range_from_query" time="0.006" /><testcase classname="tests.test_date_helpers" name="test_resolve_date_range_fallback_without_methods" time="0.004" /><testcase classname="tests.test_date_helpers" name="test_resolve_date_range_module_fallback" time="0.004" /><testcase classname="tests.test_date_helpers" name="test_resolve_available_dates_from_query" time="0.002" /><testcase classname="tests.test_date_helpers" name="test_resolve_available_dates_fallback_without_methods" time="0.003" /><testcase classname="tests.test_date_helpers" name="test_call_date_range_fn_handles_exception" time="0.003" /><testcase classname="tests.test_date_helpers" name="test_call_date_range_fn_none_values" time="0.004" /><testcase classname="tests.test_date_helpers" name="test_module_fetch_date_range_returns_query_values" time="0.004" /><testcase classname="tests.test_date_helpers" name="test_module_fetch_dates_returns_query_list" time="0.005" /><testcase classname="tests.test_date_helpers" name="test_resolve_date_range_uses_module_fetch_when_instance_missing" time="0.007" /><testcase classname="tests.test_date_helpers" name="test_resolve_available_dates_uses_module_fetch_when_instance_missing" time="0.007" /><testcase classname="tests.test_date_helpers" name="test_resolve_date_range_skips_broken_prediction_query_import" time="0.006" /><testcase classname="tests.test_day_alerts" name="test_high_risk_rows_filters_to_alto_only" time="0.015" /><testcase classname="tests.test_day_alerts" name="test_high_risk_rows_sorts_by_probability_descending" time="0.013" /><testcase classname="tests.test_day_alerts" name="test_high_risk_rows_empty_gdf_returns_empty" time="0.004" /><testcase classname="tests.test_day_alerts" name="test_high_risk_rows_no_high_risk_cells_returns_empty" time="0.017" /><testcase classname="tests.test_day_alerts" name="test_high_risk_rows_handles_none" time="0.007" /><testcase classname="tests.test_db" name="test_get_engine_uses_serving_layer_url" time="0.003" /><testcase classname="tests.test_db" name="test_get_backend_engine_uses_direct_url" time="0.005" /><testcase classname="tests.test_db" name="test_get_connection_yields_active_connection" time="0.006" /><testcase classname="tests.test_db" name="test_get_backend_connection_yields_active_connection" time="0.005" /><testcase classname="tests.test_db" name="test_log_event_persists_to_observability_table" time="0.004" /><testcase classname="tests.test_db" name="test_log_event_swallows_connection_errors" time="0.002" /><testcase classname="tests.test_dem_features" name="test_sample_grid_topography_computes_zonal_mean_altitude_and_slope" time="0.220" /><testcase classname="tests.test_dem_features" name="test_sample_grid_topography_excludes_flat_sentinel_from_aspect_mean" time="0.119" /><testcase classname="tests.test_dem_features" name="test_sample_grid_topography_returns_nan_for_cell_outside_raster_coverage" time="0.079" /><testcase classname="tests.test_dem_features" name="test_load_grid_topography_falls_back_to_nan_without_a_dem_directory" time="0.024" /><testcase classname="tests.test_dem_ingester" name="test_bbox_area_km2_matches_manual_calculation" time="0.002" /><testcase classname="tests.test_dem_ingester" name="test_client_init_requires_api_key" time="0.007" /><testcase classname="tests.test_dem_ingester" name="test_client_init_rejects_bbox_over_area_limit" time="0.002" /><testcase classname="tests.test_dem_ingester" name="test_get_with_retry_recovers_from_429" time="0.010" /><testcase classname="tests.test_dem_ingester" name="test_get_with_retry_raises_after_four_failures" time="0.009" /><testcase classname="tests.test_dem_ingester" name="test_download_url_never_appears_in_retry_error" time="0.012" /><testcase classname="tests.test_dem_ingester" name="test_fetch_downloads_reads_and_writes_manifest" time="0.062" /><testcase classname="tests.test_dem_ingester" name="test_fetch_reuses_cache_without_calling_api" time="0.069" /><testcase classname="tests.test_dem_ingester" name="test_fetch_force_true_bypasses_cache" time="0.056" /><testcase classname="tests.test_dem_ingester" name="test_fetch_rejects_non_tiff_response_body" time="0.026" /><testcase classname="tests.test_dem_terrain" name="test_horn_matches_analytical_slope_on_flat_plane" time="0.008" /><testcase classname="tests.test_dem_terrain" name="test_horn_matches_analytical_slope_and_aspect_on_east_west_ramp" time="0.012" /><testcase classname="tests.test_dem_terrain" name="test_horn_rejects_non_metric_pixel_size" time="0.008" /><testcase classname="tests.test_dem_terrain" name="test_reproject_produces_near_isotropic_metric_pixels" time="0.126" /><testcase classname="tests.test_dem_terrain" name="test_reproject_rejects_dem_without_crs" time="0.037" /><testcase classname="tests.test_dem_terrain" name="test_processor_end_to_end_on_synthetic_hill" time="0.122" /><testcase classname="tests.test_dem_terrain" name="test_processor_rejects_bad_reprojection_pixel_size" time="0.042" /><testcase classname="tests.test_episode_evaluation" name="test_three_rows_from_the_same_episode_count_as_one_episode" time="0.059" /><testcase classname="tests.test_episode_evaluation" name="test_two_different_episodes_count_as_two" time="0.046" /><testcase classname="tests.test_episode_evaluation" name="test_hit_at_k_uses_best_rank_across_the_episodes_rows" time="0.031" /><testcase classname="tests.test_episode_evaluation" name="test_n_positive_rows_counts_rows_not_row_event_pairs_when_two_events_qualify" time="0.027" /><testcase classname="tests.test_episode_evaluation" name="test_no_positives_returns_empty_report" time="0.024" /><testcase classname="tests.test_episode_evaluation" name="test_largest_episode_fraction_flags_domination" time="0.043" /><testcase classname="tests.test_episode_evaluation" name="test_largest_episode_fraction_with_no_positives" time="0.018" /><testcase classname="tests.test_experiment_abcd_contract" name="test_real_model_feature_sets_satisfy_the_containment_contract" time="0.003" /><testcase classname="tests.test_experiment_abcd_contract" name="test_d_minus_c_is_exactly_the_topography_block" time="0.003" /><testcase classname="tests.test_experiment_abcd_contract" name="test_c_minus_b_is_exactly_the_lag_block" time="0.006" /><testcase classname="tests.test_experiment_abcd_contract" name="test_b_minus_a_is_exactly_the_current_meteo_block" time="0.004" /><testcase classname="tests.test_experiment_abcd_contract" name="test_no_model_contains_cell_id_or_synthetic_features" time="0.003" /><testcase classname="tests.test_experiment_abcd_contract" name="test_prep_xy_never_imputes_nan" time="0.029" /><testcase classname="tests.test_experiment_abcd_contract" name="test_prep_xy_raises_explicitly_on_excluded_rows" time="0.017" /><testcase classname="tests.test_experiment_abcd_contract" name="test_prep_xy_raises_explicitly_on_ineligible_rows" time="0.014" /><testcase classname="tests.test_experiment_abcd_contract" name="test_prep_xy_raises_on_bare_nan_target_without_excluded_column" time="0.010" /><testcase classname="tests.test_experiment_abcd_contract" name="test_prep_xy_still_works_on_a_clean_eligible_dataframe" time="0.023" /><testcase classname="tests.test_experiment_abcd_contract" name="test_run_fold_handles_a_train_set_with_only_one_positive_without_crashing" time="0.451" /><testcase classname="tests.test_experiment_abcd_contract" name="test_run_fold_trains_normally_when_train_has_at_least_two_positives" time="1.888" /><testcase classname="tests.test_experiment_abcd_contract" name="test_histgradientboosting_accepts_nan_end_to_end" time="0.142" /><testcase classname="tests.test_features" name="test_rule_30_30_30_activation" time="0.010" /><testcase classname="tests.test_features" name="test_encode_rule_30_30_30_degrades_to_zero_when_columns_missing" time="0.008" /><testcase classname="tests.test_features" name="test_lag_features_no_nulls_after_fill" time="0.009" /><testcase classname="tests.test_features" name="test_encode_orientacion_circular_matches_known_angles" time="0.016" /><testcase classname="tests.test_features" name="test_encode_orientacion_circular_350_and_10_degrees_are_close_in_encoded_space" time="0.010" /><testcase classname="tests.test_features" name="test_encode_orientacion_circular_noop_when_column_absent" time="0.006" /><testcase classname="tests.test_features" name="test_optimize_dtypes_uses_float32" time="0.007" /><testcase classname="tests.test_features" name="test_smote_balance_returns_same_shape_or_more" time="0.032" /><testcase classname="tests.test_features" name="test_smote_balance_duplicates_single_row_when_only_one_sample" time="0.015" /><testcase classname="tests.test_features" name="test_smote_balance_mutates_first_label_when_all_same_class" time="2.048" /><testcase classname="tests.test_features" name="test_smote_balance_falls_back_on_smote_error" time="0.006" /><testcase classname="tests.test_grid" name="test_grid_zones_land_on_the_comunas_they_claim[Limache]" time="0.002" /><testcase classname="tests.test_grid" name="test_grid_zones_land_on_the_comunas_they_claim[Quilpu\xe9]" time="0.003" /><testcase classname="tests.test_grid" name="test_grid_zones_land_on_the_comunas_they_claim[Villa Alemana]" time="0.003" /><testcase classname="tests.test_grid" name="test_grid_zones_land_on_the_comunas_they_claim[Vi\xf1a del Mar]" time="0.001" /><testcase classname="tests.test_grid" name="test_grid_spans_the_full_corridor" time="0.001" /><testcase classname="tests.test_grid" name="test_grid_covers_the_real_2024_fire" time="0.012" /><testcase classname="tests.test_grid" name="test_villa_alemana_is_inside_the_grid" time="0.007" /><testcase classname="tests.test_grid" name="test_cell_radius_keeps_cells_contiguous" time="0.005" /><testcase classname="tests.test_grid" name="test_click_tolerance_covers_a_whole_cell" time="0.004" /><testcase classname="tests.test_grid" name="test_grid_center_is_inside_the_grid" time="0.003" /><testcase classname="tests.test_grid" name="test_cell_center_matches_the_grid_walk" time="0.004" /><testcase classname="tests.test_grid_assign_cell" name="test_all_cells_returns_one_entry_per_grid_cell" time="0.005" /><testcase classname="tests.test_grid_assign_cell" name="test_assign_cell_resolves_the_centroid_of_every_cell_to_itself" time="0.010" /><testcase classname="tests.test_grid_assign_cell" name="test_assign_cell_returns_none_outside_the_grid" time="0.005" /><testcase classname="tests.test_grid_assign_cell" name="test_all_cells_bounds_are_contiguous_without_gaps_or_overlap_on_the_row" time="0.004" /><testcase classname="tests.test_grid_consistency" name="test_data_processor_grid_matches_canonical_bounds" time="0.009" /><testcase classname="tests.test_grid_consistency" name="test_spatial_joiner_grid_matches_canonical_bounds" time="0.007" /><testcase classname="tests.test_grid_consistency" name="test_generate_seed_script_imports_canonical_grid" time="0.009" /><testcase classname="tests.test_inference_engine" name="test_feature_columns_include_orientacion_encoding" time="0.002" /><testcase classname="tests.test_inference_engine" name="test_prepare_feature_matrix_derives_orientacion_sin_cos_from_raw_column" time="2.075" /><testcase classname="tests.test_inference_engine" name="test_prepare_feature_matrix_fills_missing_columns_with_zero" time="2.053" /><testcase classname="tests.test_inference_engine" name="test_prepare_feature_matrix_renames_velocidad_viento_kmh" time="2.048" /><testcase classname="tests.test_inference_engine" name="test_classify_risk_thresholds" time="0.001" /><testcase classname="tests.test_ingesta" name="test_ingest_all_sources" time="0.020" /><testcase classname="tests.test_ingesta" name="test_download_with_retry_success" time="0.007" /><testcase classname="tests.test_ingesta" name="test_download_with_retry_recovers_after_transient_http_errors" time="4.015" /><testcase classname="tests.test_ingesta" name="test_download_with_retry_exhausts_all_attempts" time="8.011" /><testcase classname="tests.test_ingesta" name="test_ingest_dmc_keeps_stations_without_data_in_payload" time="2.036" /><testcase classname="tests.test_ingesta" name="test_ingest_dmc_missing_credentials_degrades" time="2.027" /><testcase classname="tests.test_ingesta" name="test_recuperar_payload_fallback_reads_staging" time="0.009" /><testcase classname="tests.test_ingesta" name="test_recuperar_payload_fallback_denies_unknown_table" time="2.040" /><testcase classname="tests.test_ingesta" name="test_ingest_all_sources_catches_worker_exception" time="4.109" /><testcase classname="tests.test_ingesta" name="test_degrade_source_exports_incendios_with_lat_lon_rename" time="2.049" /><testcase classname="tests.test_ingesta" name="test_ingest_nasa_missing_api_key_degrades" time="4.066" /><testcase classname="tests.test_ingesta" name="test_ingest_nasa_success_writes_daily_csv" time="2.039" /><testcase classname="tests.test_ingesta" name="test_ingest_dmc_empty_station_catalog_degrades" time="4.034" /><testcase classname="tests.test_ingesta" name="test_recuperar_payload_fallback_handles_db_error" time="2.037" /><testcase classname="tests.test_ingesta" name="test_ingest_conaf_success_when_api_reachable_without_seed" time="2.031" /><testcase classname="tests.test_ingesta" name="test_parse_conaf_response_reads_institutional_seed" time="0.011" /><testcase classname="tests.test_ingesta" name="test_load_institutional_conaf_seed_fails_when_file_missing" time="2.034" /><testcase classname="tests.test_ingesta" name="test_degrade_source_exports_meteo_as_json_records" time="2.034" /><testcase classname="tests.test_ingesta" name="test_load_contingency_cache_writes_geojson_when_data_exists" time="0.279" /><testcase classname="tests.test_ingesta" name="test_degrade_source_exports_incendios_without_lat_lon_columns" time="2.040" /><testcase classname="tests.test_ingesta" name="test_degrade_source_unknown_staging_table_writes_csv" time="2.053" /><testcase classname="tests.test_ingesta" name="test_ingest_conaf_falls_back_to_institutional_seed_when_degrade_fails" time="4.051" /><testcase classname="tests.test_ingesta_degradation" name="test_ingester_degrades_to_postgis_on_dmc_failure" time="4.064" /><testcase classname="tests.test_ingesta_degradation" name="test_ingester_fails_when_fallback_empty" time="4.065" /><testcase classname="tests.test_ingesta_degradation" name="test_ingest_all_sources_tracks_degraded" time="2.054" /><testcase classname="tests.test_ingesta_degradation" name="test_conaf_loads_institutional_seed_on_failure" time="6.068" /><testcase classname="tests.test_map_renderer" name="test_risk_fill_opacity_grows_with_probability" time="0.002" /><testcase classname="tests.test_map_renderer" name="test_risk_fill_opacity_stays_within_visible_range" time="0.001" /><testcase classname="tests.test_map_renderer" name="test_risk_stroke_weight_grows_with_probability" time="0.002" /><testcase classname="tests.test_map_renderer" name="test_detection_radius_grows_with_frp" time="0.004" /><testcase classname="tests.test_map_renderer" name="test_detection_radius_compresses_three_orders_of_magnitude" time="0.002" /><testcase classname="tests.test_map_renderer" name="test_detection_radius_handles_degenerate_frp" time="0.001" /><testcase classname="tests.test_map_renderer" name="test_build_risk_legend_html_covers_the_three_levels" time="0.002" /><testcase classname="tests.test_map_renderer" name="test_legend_is_a_leaflet_control_not_a_floating_div" time="0.032" /><testcase classname="tests.test_map_renderer" name="test_add_detection_layer_skips_when_no_data" time="0.006" /><testcase classname="tests.test_map_renderer" name="test_add_detection_layer_reports_success_with_data" time="0.014" /><testcase classname="tests.test_map_renderer" name="test_render_folium_map_with_data" time="0.027" /><testcase classname="tests.test_map_renderer" name="test_render_folium_map_omits_detections_by_default" time="0.033" /><testcase classname="tests.test_map_renderer" name="test_render_folium_map_can_include_detections_when_requested" time="0.584" /><testcase classname="tests.test_map_renderer" name="test_render_folium_map_empty" time="0.018" /><testcase classname="tests.test_map_renderer" name="test_cell_center_empty_geometry" time="0.003" /><testcase classname="tests.test_map_renderer" name="test_cell_center_point" time="0.002" /><testcase classname="tests.test_megaevento_report" name="test_megaevento_report_reproduces_known_concentration" time="19.762" /><testcase classname="tests.test_megaevento_report" name="test_megaevento_report_on_a_day_with_no_activity_is_well_defined" time="3.472" /><testcase classname="tests.test_meteo_fire_joiner" name="test_ignition_timestamp_builds_utc" time="0.001" /><testcase classname="tests.test_meteo_fire_joiner" name="test_discover_dmc_monthly_files" time="0.015" /><testcase classname="tests.test_meteo_fire_joiner" name="test_nearest_temporal_match_returns_none_for_empty_meteo" time="0.002" /><testcase classname="tests.test_meteo_fire_joiner" name="test_select_nearest_station_haversine_tiebreak_by_codigo" time="0.001" /><testcase classname="tests.test_meteo_fire_joiner" name="test_haversine_km_known_distance" time="0.001" /><testcase classname="tests.test_meteo_fire_joiner" name="test_join_no_dmc_coverage_before_station_pick" time="0.013" /><testcase classname="tests.test_meteo_fire_joiner" name="test_join_matched_within_tolerance" time="0.029" /><testcase classname="tests.test_meteo_fire_joiner" name="test_join_out_of_tolerance_keeps_row" time="0.013" /><testcase classname="tests.test_meteo_fire_joiner" name="test_join_picks_nearest_station_with_coverage" time="0.024" /><testcase classname="tests.test_meteo_fire_joiner" name="test_join_out_of_tolerance_45min_transmission_gap" time="0.021" /><testcase classname="tests.test_meteo_fire_joiner" name="test_summarize_join_rates" time="0.003" /><testcase classname="tests.test_metrics_loader" name="test_load_ml_metrics_from_file" time="0.008" /><testcase classname="tests.test_metrics_loader" name="test_load_ml_metrics_fallback" time="0.001" /><testcase classname="tests.test_metrics_loader" name="test_load_ml_metrics_invalid_json" time="0.003" /><testcase classname="tests.test_metrics_loader" name="test_load_ml_metrics_from_repo" time="0.001" /><testcase classname="tests.test_metrics_loader" name="test_sanitize_does_not_mask_real_zero_or_nan_values" time="0.000" /><testcase classname="tests.test_metrics_loader" name="test_sanitize_does_not_invent_missing_keys" time="0.000" /><testcase classname="tests.test_nan_journey_real_data" name="test_run_fold_reports_nan_diagnostics_matching_the_real_dataset" time="6.377" /><testcase classname="tests.test_nasa_firms_backfill.NasaFirmsBackfillTests" name="test_build_windows_preserves_sp_nrt_overlap" time="0.001" /><testcase classname="tests.test_nasa_firms_backfill.NasaFirmsBackfillTests" name="test_deduplication_prefers_standard_processing" time="0.014" /><testcase classname="tests.test_nasa_firms_backfill.NasaFirmsBackfillTests" name="test_full_run_requires_explicit_cli_confirmation" time="0.004" /><testcase classname="tests.test_nasa_firms_backfill.NasaFirmsBackfillTests" name="test_split_windows_uses_at_most_five_days" time="0.001" /><testcase classname="tests.test_nasa_firms_backfill.NasaFirmsBackfillTests" name="test_url_contains_source_five_day_range_and_start_date" time="0.001" /><testcase classname="tests.test_nasa_firms_backfill_client" name="test_five_year_start_on_leap_day_boundary" time="0.001" /><testcase classname="tests.test_nasa_firms_backfill_client" name="test_split_windows_empty_when_range_inverted" time="0.001" /><testcase classname="tests.test_nasa_firms_backfill_client" name="test_select_boundary_sample_near_sp_nrt_transition" time="0.001" /><testcase classname="tests.test_nasa_firms_backfill_client" name="test_select_boundary_sample_rejects_zero_limit" time="0.001" /><testcase classname="tests.test_nasa_firms_backfill_client" name="test_select_boundary_sample_fills_remaining_slots_from_all_windows" time="0.001" /><testcase classname="tests.test_nasa_firms_backfill_client" name="test_deduplicate_empty_returns_copy_without_removal" time="0.002" /><testcase classname="tests.test_nasa_firms_backfill_client" name="test_deduplicate_missing_required_columns_raises" time="0.002" /><testcase classname="tests.test_nasa_firms_backfill_client" name="test_client_init_requires_map_key" time="0.001" /><testcase classname="tests.test_nasa_firms_backfill_client" name="test_client_init_rejects_negative_delay" time="0.002" /><testcase classname="tests.test_nasa_firms_backfill_client" name="test_client_area_uses_valparaiso_bbox" time="0.001" /><testcase classname="tests.test_nasa_firms_backfill_client" name="test_get_with_retry_recovers_from_429" time="0.001" /><testcase classname="tests.test_nasa_firms_backfill_client" name="test_get_with_retry_raises_after_four_failures" time="0.001" /><testcase classname="tests.test_nasa_firms_backfill_client" name="test_fetch_availability_parses_official_csv" time="0.001" /><testcase classname="tests.test_nasa_firms_backfill_client" name="test_fetch_availability_raises_when_source_missing" time="0.002" /><testcase classname="tests.test_nasa_firms_backfill_client" name="test_window_url_rejects_more_than_five_days" time="0.001" /><testcase classname="tests.test_nasa_firms_backfill_client" name="test_download_window_persists_raw_csv_and_tags_metadata" time="0.009" /><testcase classname="tests.test_nasa_firms_backfill_client" name="test_download_window_raises_when_csv_missing_columns" time="0.006" /><testcase classname="tests.test_nasa_firms_backfill_client" name="test_run_consolidates_windows_and_writes_manifest" time="0.049" /><testcase classname="tests.test_nasa_firms_backfill_client" name="test_run_sleeps_between_windows_when_delay_configured" time="0.036" /><testcase classname="tests.test_nasa_firms_backfill_client" name="test_run_raises_on_empty_window_list" time="0.008" /><testcase classname="tests.test_nasa_firms_backfill_client" name="test_cli_sample_boundary_windows_executes_mocked_backfill" time="0.011" /><testcase classname="tests.test_nasa_firms_backfill_client" name="test_cli_rejects_end_date_before_start" time="0.001" /><testcase classname="tests.test_optimizer" name="test_train_and_optimize_metrics" time="4.939" /><testcase classname="tests.test_optimizer" name="test_optimize_threshold_returns_valid_range" time="0.147" /><testcase classname="tests.test_optimizer" name="test_predict_probability" time="6.869" /><testcase classname="tests.test_pipeline" name="test_run_daily_pipeline" time="0.044" /><testcase classname="tests.test_pipeline_validators" name="test_event_independence_passes_when_positives_spread_across_episodes" time="0.020" /><testcase classname="tests.test_pipeline_validators" name="test_event_independence_warns_when_one_episode_dominates" time="0.013" /><testcase classname="tests.test_pipeline_validators" name="test_event_independence_never_fails" time="0.016" /><testcase classname="tests.test_pipeline_validators" name="test_missing_data_fails_without_flag_column" time="0.004" /><testcase classname="tests.test_pipeline_validators" name="test_missing_data_passes_with_consistent_flag" time="0.003" /><testcase classname="tests.test_pipeline_validators" name="test_missing_data_accepts_explicit_pairs_one_flag_for_several_columns" time="0.004" /><testcase classname="tests.test_pipeline_validators" name="test_missing_data_fails_when_flag_disagrees_with_real_nans" time="0.007" /><testcase classname="tests.test_pipeline_validators" name="test_feature_contract_passes_for_proper_nested_sets" time="0.001" /><testcase classname="tests.test_pipeline_validators" name="test_feature_contract_fails_when_a_is_not_subset_of_b" time="0.001" /><testcase classname="tests.test_pipeline_validators" name="test_feature_contract_fails_on_cell_id" time="0.001" /><testcase classname="tests.test_pipeline_validators" name="test_feature_contract_fails_on_ndvi" time="0.001" /><testcase classname="tests.test_pipeline_validators" name="test_pipeline_isolation_passes_on_a_clean_file" time="0.007" /><testcase classname="tests.test_pipeline_validators" name="test_pipeline_isolation_fails_on_legacy_import" time="0.005" /><testcase classname="tests.test_pipeline_validators" name="test_pipeline_isolation_fails_on_dataset_valparaiso_reference" time="0.005" /><testcase classname="tests.test_pipeline_validators" name="test_pipeline_isolation_on_the_real_new_pipeline_files" time="0.012" /><testcase classname="tests.test_pipeline_validators" name="test_manifest_matches_dataset_passes_when_every_number_is_reproducible" time="0.012" /><testcase classname="tests.test_pipeline_validators" name="test_manifest_matches_dataset_fails_on_a_single_wrong_number" time="0.009" /><testcase classname="tests.test_pipeline_validators" name="test_manifest_matches_dataset_fails_on_stale_raw_episode_count" time="0.010" /><testcase classname="tests.test_pipeline_validators" name="test_manifest_matches_dataset_fails_on_stale_missing_meteo_count" time="0.008" /><testcase classname="tests.test_pipeline_validators" name="test_manifest_matches_dataset_against_the_real_generated_dataset" time="0.444" /><testcase classname="tests.test_procesamiento" name="test_clean_staging_tables_removes_outliers" time="0.008" /><testcase classname="tests.test_procesamiento" name="test_impute_nulls_fills_missing" time="0.007" /><testcase classname="tests.test_procesamiento" name="test_validate_completeness" time="0.009" /><testcase classname="tests.test_procesamiento" name="test_build_grid_respects_max_cells" time="0.005" /><testcase classname="tests.test_procesamiento" name="test_add_topography_uses_real_dem_when_processed_files_exist" time="2.536" /><testcase classname="tests.test_procesamiento" name="test_add_topography_falls_back_to_synthetic_when_no_dem_processed" time="2.048" /><testcase classname="tests.test_procesamiento" name="test_load_meteo_parses_real_dmc_shape_not_hardcoded_defaults" time="0.040" /><testcase classname="tests.test_procesamiento" name="test_process_all_with_sample_raw" time="6.258" /><testcase classname="tests.test_prototype_freshness" name="test_freshness_recent_up_to_twelve_hours" time="0.001" /><testcase classname="tests.test_prototype_freshness" name="test_freshness_delayed_between_twelve_and_twentyfour_hours" time="0.001" /><testcase classname="tests.test_prototype_freshness" name="test_freshness_historical_beyond_twentyfour_hours" time="0.001" /><testcase classname="tests.test_prototype_freshness" name="test_stale_banner_appears_only_when_historical" time="0.005" /><testcase classname="tests.test_prototype_freshness" name="test_stale_banner_shows_the_real_weather_timestamp" time="0.003" /><testcase classname="tests.test_prototype_freshness" name="test_header_never_labels_a_stale_inference_as_proximas_horas" time="0.003" /><testcase classname="tests.test_prototype_freshness" name="test_header_never_labels_delayed_data_as_proximas_horas" time="0.005" /><testcase classname="tests.test_prototype_freshness" name="test_header_uses_human_window_when_data_is_recent" time="0.002" /><testcase classname="tests.test_prototype_service" name="test_prototype_model_loads" time="0.006" /><testcase classname="tests.test_prototype_service" name="test_feature_contract_matches_model" time="0.006" /><testcase classname="tests.test_prototype_service" name="test_inference_returns_fifty_cells" time="12.945" /><testcase classname="tests.test_prototype_service" name="test_ranks_are_one_to_n" time="13.593" /><testcase classname="tests.test_prototype_service" name="test_ties_share_display_rank_but_internal_rank_stays_unique" time="13.822" /><testcase classname="tests.test_prototype_service" name="test_map_uses_a_tile_provider_that_needs_no_api_key" time="0.016" /><testcase classname="tests.test_prototype_service" name="test_feature_matrix_has_fifty_unique_cell_ids_and_no_missing_or_duplicate" time="9.873" /><testcase classname="tests.test_prototype_service" name="test_reordering_features_df_does_not_desync_cell_id_and_score" time="9.725" /><testcase classname="tests.test_prototype_service" name="test_feature_rows_are_mostly_distinct_even_though_scores_tie" time="10.961" /><testcase classname="tests.test_prototype_service" name="test_scores_are_finite" time="13.176" /><testcase classname="tests.test_prototype_service" name="test_no_future_timestamps" time="11.927" /><testcase classname="tests.test_prototype_service" name="test_requesting_a_forecast_time_beyond_real_data_fails_explicitly" time="8.022" /><testcase classname="tests.test_prototype_service" name="test_dashboard_service_handles_missing_model_artifact" time="0.012" /><testcase classname="tests.test_prototype_service" name="test_no_legacy_imports_in_prototype_modules" time="0.004" /><testcase classname="tests.test_query" name="test_classify_risk_levels" time="0.002" /><testcase classname="tests.test_query" name="test_get_spatial_risk_map_exact_date" time="2.034" /><testcase classname="tests.test_query" name="test_fetch_spatial_risk_map_engine_version" time="0.015" /><testcase classname="tests.test_query" name="test_get_spatial_risk_map_empty_state" time="0.011" /><testcase classname="tests.test_query" name="test_fetch_spatial_risk_map_raises_on_db_error" time="0.006" /><testcase classname="tests.test_query" name="test_fetch_available_dates" time="0.009" /><testcase classname="tests.test_query" name="test_fetch_available_date_range_empty" time="0.006" /><testcase classname="tests.test_query" name="test_fetch_available_date_range" time="0.003" /><testcase classname="tests.test_query" name="test_get_contingency_cache_returns_geodataframe" time="0.014" /><testcase classname="tests.test_query" name="test_get_observability_logs" time="0.006" /><testcase classname="tests.test_query" name="test_get_cell_detail_empty" time="0.004" /><testcase classname="tests.test_query" name="test_get_cell_detail_uses_max_fecha" time="0.004" /><testcase classname="tests.test_query" name="test_prediction_query_date_helpers" time="0.002" /><testcase classname="tests.test_query" name="test_fetch_available_date_range_logs_and_returns_none_on_db_error" time="0.002" /><testcase classname="tests.test_query" name="test_fetch_available_dates_returns_empty_list_when_sql_empty" time="0.005" /><testcase classname="tests.test_query" name="test_fetch_available_dates_logs_and_returns_empty_on_db_error" time="0.003" /><testcase classname="tests.test_query" name="test_get_cell_detail_with_explicit_fecha" time="0.005" /><testcase classname="tests.test_query" name="test_get_contingency_cache_uses_days_fallback_when_no_min_fecha" time="0.009" /><testcase classname="tests.test_raw_parser" name="test_clean_float_handles_dmc_units_and_numeric_inputs" time="0.001" /><testcase classname="tests.test_raw_parser" name="test_extract_dmc_records_returns_empty_on_api_error" time="0.003" /><testcase classname="tests.test_raw_parser" name="test_extract_dmc_records_fallback_registros_key" time="0.003" /><testcase classname="tests.test_raw_parser" name="test_parse_dmc_json_merges_available_stations_and_skips_invalid_wrappers" time="0.023" /><testcase classname="tests.test_raw_parser" name="test_parse_dmc_json_registros_fallback_format" time="0.021" /><testcase classname="tests.test_raw_parser" name="test_parse_nasa_csv_empty_returns_empty_geodataframe" time="0.020" /><testcase classname="tests.test_raw_parser" name="test_parse_nasa_csv_builds_geometry_and_acq_datetime" time="0.041" /><testcase classname="tests.test_regional_meteo" name="test_meteo_before_at_t_never_returns_the_future_reading" time="0.005" /><testcase classname="tests.test_regional_meteo" name="test_meteo_before_never_returns_a_reading_after_t_even_far_in_the_past" time="0.010" /><testcase classname="tests.test_regional_meteo" name="test_nearest_meteo_around_can_return_the_future_reading_by_design" time="0.005" /><testcase classname="tests.test_regional_meteo" name="test_meteo_before_returns_none_without_silently_falling_back" time="0.002" /><testcase classname="tests.test_regional_meteo" name="test_meteo_before_respects_tolerance_and_does_not_reach_further_back" time="0.014" /><testcase classname="tests.test_regional_meteo" name="test_regla_30_30_30_uses_the_same_observation" time="0.012" /><testcase classname="tests.test_regional_meteo" name="test_regla_30_30_30_active_when_the_same_reading_meets_all_three" time="0.012" /><testcase classname="tests.test_regional_meteo_loading" name="test_loads_a_real_historico_file" time="0.054" /><testcase classname="tests.test_regional_meteo_loading" name="test_ignores_conflict_files_left_by_the_backfill_script" time="0.052" /><testcase classname="tests.test_regional_meteo_loading" name="test_multiple_months_are_combined_and_sorted" time="0.052" /><testcase classname="tests.test_risk_colors" name="test_each_risk_level_gets_a_colour_of_its_own" time="0.006" /><testcase classname="tests.test_risk_colors" name="test_unrecognised_level_falls_back_to_the_neutral_grey[desconocido]" time="0.004" /><testcase classname="tests.test_risk_colors" name="test_unrecognised_level_falls_back_to_the_neutral_grey[extremo]" time="0.003" /><testcase classname="tests.test_risk_colors" name="test_unrecognised_level_falls_back_to_the_neutral_grey[]" time="0.002" /><testcase classname="tests.test_risk_colors" name="test_unrecognised_level_falls_back_to_the_neutral_grey[None]" time="0.003" /><testcase classname="tests.test_risk_colors" name="test_map_selection_outlines_the_cell_with_a_darker_shade_of_its_level[bajo]" time="0.003" /><testcase classname="tests.test_risk_colors" name="test_map_selection_outlines_the_cell_with_a_darker_shade_of_its_level[medio]" time="0.002" /><testcase classname="tests.test_risk_colors" name="test_map_selection_outlines_the_cell_with_a_darker_shade_of_its_level[alto]" time="0.002" /><testcase classname="tests.test_risk_colors" name="test_map_selection_of_unknown_level_keeps_the_colour_it_was_given" time="0.003" /><testcase classname="tests.test_risk_colors" name="test_stylesheet_sets_touch_targets_without_dataframe_checkbox_hack" time="0.004" /><testcase classname="tests.test_risk_sparkline" name="test_series_has_one_point_per_seed_day" time="0.006" /><testcase classname="tests.test_risk_sparkline" name="test_series_indexed_by_iso_date_strings" time="0.011" /><testcase classname="tests.test_risk_sparkline" name="test_peak_day_has_the_highest_probability" time="0.010" /><testcase classname="tests.test_risk_sparkline" name="test_series_is_monotonic_or_flat_before_the_peak" time="0.007" /><testcase classname="tests.test_row_explainer" name="test_explains_a_positive_row_fully" time="0.043" /><testcase classname="tests.test_row_explainer" name="test_explains_an_excluded_row_with_none_target" time="0.029" /><testcase classname="tests.test_row_explainer" name="test_raises_row_not_found_instead_of_returning_none" time="0.017" /><testcase classname="tests.test_row_explainer" name="test_raises_assertion_on_duplicate_key" time="0.034" /><testcase classname="tests.test_row_explainer" name="test_demonstrates_against_the_real_dataset_megaevento_row" time="0.190" /><testcase classname="tests.test_serialization" name="test_serialize_and_load_xgboost" time="13.290" /><testcase classname="tests.test_spatial_joiner" name="test_regla_activa_when_one_reading_meets_all_three_conditions" time="0.004" /><testcase classname="tests.test_spatial_joiner" name="test_regla_inactive_when_extremes_come_from_different_readings" time="0.005" /><testcase classname="tests.test_spatial_joiner" name="test_regla_inactive_when_no_reading_meets_any_threshold" time="0.002" /><testcase classname="tests.test_spatial_joiner" name="test_empty_dataframe_returns_null_metrics_and_inactive_rule" time="0.001" /><testcase classname="tests.test_state" name="test_init_session_leaves_every_key_in_a_known_state" time="0.001" /><testcase classname="tests.test_state" name="test_set_appearance_accepts_only_known_modes" time="0.001" /><testcase classname="tests.test_state" name="test_init_session_does_not_discard_an_existing_selection" time="0.001" /><testcase classname="tests.test_state" name="test_selecting_from_the_map_remounts_the_table_widget" time="0.001" /><testcase classname="tests.test_state" name="test_selecting_from_the_table_does_not_remount_the_table_widget" time="0.001" /><testcase classname="tests.test_state" name="test_clearing_the_selection_empties_it_and_remounts_the_table" time="0.001" /><testcase classname="tests.test_state" name="test_first_render_registers_the_date_without_anything_to_reset" time="0.001" /><testcase classname="tests.test_state" name="test_rerunning_on_the_same_date_keeps_the_selection" time="0.001" /><testcase classname="tests.test_state" name="test_changing_the_date_drops_a_selection_made_on_the_previous_one" time="0.001" /><testcase classname="tests.test_state" name="test_changing_the_date_rearms_preselection_for_the_new_day" time="0.001" /><testcase classname="tests.test_state" name="test_cache_warm_flag_starts_false_and_latches" time="0.001" /><testcase classname="tests.test_station_catalog" name="test_default_station_catalog_loads_known_stations_from_config" time="0.001" /><testcase classname="tests.test_station_catalog" name="test_default_station_catalog_ignores_codes_without_catastro_coords" time="0.001" /><testcase classname="tests.test_station_catalog" name="test_select_nearest_station_skips_candidates_missing_from_catalog" time="0.001" /><testcase classname="tests.test_station_catalog" name="test_select_nearest_station_raises_when_no_catalog_entries_match" time="0.002" /><testcase classname="tests.test_station_catalog" name="test_haversine_km_same_point_is_zero" time="0.002" /><testcase classname="tests.test_target_builder" name="test_target_is_one_when_a_new_arrival_falls_inside_the_future_window" time="0.014" /><testcase classname="tests.test_target_builder" name="test_target_event_id_is_none_when_target_is_zero" time="0.011" /><testcase classname="tests.test_target_builder" name="test_target_event_id_is_none_when_excluded" time="0.010" /><testcase classname="tests.test_target_builder" name="test_target_event_id_picks_the_earliest_qualifying_arrival_when_two_events_qualify" time="0.008" /><testcase classname="tests.test_target_builder" name="test_target_is_zero_when_no_arrival_falls_inside_the_window" time="0.007" /><testcase classname="tests.test_target_builder" name="test_arrival_exactly_at_forecast_time_does_not_count_as_future" time="0.008" /><testcase classname="tests.test_target_builder" name="test_arrival_exactly_at_window_end_counts_as_future" time="0.010" /><testcase classname="tests.test_target_builder" name="test_forecast_time_within_cooldown_of_a_past_arrival_is_excluded" time="0.008" /><testcase classname="tests.test_target_builder" name="test_forecast_time_after_cooldown_expires_is_not_excluded" time="0.008" /><testcase classname="tests.test_target_builder" name="test_a_cell_with_no_arrivals_at_all_is_always_negative_and_never_excluded" time="0.005" /><testcase classname="tests.test_target_builder" name="test_arrivals_in_other_cells_do_not_affect_this_cell" time="0.005" /><testcase classname="tests.test_target_builder" name="test_produces_one_row_per_cell_times_forecast_time" time="0.004" /><testcase classname="tests.test_temporal_dataset_integration" name="test_cell_forecast_time_pair_is_unique" time="0.181" /><testcase classname="tests.test_temporal_dataset_integration" name="test_excluded_rows_are_never_negative_never_positive" time="0.007" /><testcase classname="tests.test_temporal_dataset_integration" name="test_eligible_rows_always_have_a_defined_target" time="0.223" /><testcase classname="tests.test_temporal_dataset_integration" name="test_missing_meteo_flags_match_real_nans" time="0.172" /><testcase classname="tests.test_temporal_dataset_integration" name="test_no_row_imputes_missing_meteo_as_zero" time="0.013" /><testcase classname="tests.test_temporal_dataset_integration" name="test_target_column_dtype_allows_real_nan_not_a_forced_int_cast" time="0.001" /><testcase classname="tests.test_temporal_dataset_integration" name="test_target_event_id_is_nan_for_every_non_positive_row_after_roundtrip" time="0.162" /><testcase classname="tests.test_temporal_dataset_integration" name="test_forecast_times_are_reproducible_from_meteo_alone_without_touching_firms" time="5.236" /><testcase classname="tests.test_temporal_dataset_integration" name="test_folds_have_no_temporal_overlap_and_no_shared_episodes" time="6.205" /><testcase classname="tests.test_temporal_features" name="test_lag_24h_matches_the_real_reading_24h_before_not_the_row_closest_to_t" time="0.023" /><testcase classname="tests.test_temporal_features" name="test_lag_24h_is_none_when_no_real_reading_exists_near_t_minus_24h" time="0.020" /><testcase classname="tests.test_temporal_features" name="test_lag_momento_never_exceeds_forecast_time" time="0.020" /><testcase classname="tests.test_temporal_features" name="test_historial_firms_features_ignore_events_at_or_after_forecast_time" time="0.002" /><testcase classname="tests.test_temporal_features" name="test_historial_firms_features_with_no_past_events" time="0.003" /><testcase classname="tests.test_theme" name="test_contrast_of_black_on_white_is_the_theoretical_maximum" time="0.001" /><testcase classname="tests.test_theme" name="test_a_colour_has_no_contrast_against_itself" time="0.001" /><testcase classname="tests.test_theme" name="test_contrast_does_not_depend_on_which_colour_is_the_background" time="0.001" /><testcase classname="tests.test_theme" name="test_shorthand_and_longhand_hex_parse_to_the_same_colour" time="0.001" /><testcase classname="tests.test_theme" name="test_malformed_colours_are_rejected_rather_than_silently_mangled[]" time="0.002" /><testcase classname="tests.test_theme" name="test_malformed_colours_are_rejected_rather_than_silently_mangled[#12345]" time="0.002" /><testcase classname="tests.test_theme" name="test_malformed_colours_are_rejected_rather_than_silently_mangled[azul]" time="0.001" /><testcase classname="tests.test_theme" name="test_malformed_colours_are_rejected_rather_than_silently_mangled[#gggggg]" time="0.003" /><testcase classname="tests.test_theme" name="test_luminance_orders_colours_from_black_to_white" time="0.004" /><testcase classname="tests.test_theme" name="test_full_opacity_composite_returns_the_foreground_unchanged" time="0.003" /><testcase classname="tests.test_theme" name="test_zero_opacity_composite_returns_the_background_unchanged" time="0.002" /><testcase classname="tests.test_theme" name="test_composite_of_a_translucent_tint_lands_between_both_colours" time="0.001" /><testcase classname="tests.test_theme" name="test_theme_config_matches_tokens" time="0.002" /><testcase classname="tests.test_theme" name="test_stylesheet_is_built_from_tokens_and_leaves_no_stray_colour" time="0.001" /><testcase classname="tests.test_theme" name="test_stylesheet_carries_the_accessible_touch_target" time="0.002" /><testcase classname="tests.test_theme" name="test_stylesheet_applies_type_scale_to_headings" time="0.002" /><testcase classname="tests.test_theme" name="test_stylesheet_switches_page_surface_between_light_and_dark" time="0.002" /><testcase classname="tests.test_theme" name="test_level_name_is_readable_on_the_page_background[bajo-palette0]" time="0.002" /><testcase classname="tests.test_theme" name="test_level_name_is_readable_on_the_page_background[medio-palette1]" time="0.001" /><testcase classname="tests.test_theme" name="test_level_name_is_readable_on_the_page_background[alto-palette2]" time="0.002" /><testcase classname="tests.test_theme" name="test_level_name_is_readable_on_the_page_background[desconocido-palette3]" time="0.002" /><testcase classname="tests.test_theme" name="test_cell_outline_is_visible_against_the_basemap[bajo-palette0]" time="0.001" /><testcase classname="tests.test_theme" name="test_cell_outline_is_visible_against_the_basemap[medio-palette1]" time="0.001" /><testcase classname="tests.test_theme" name="test_cell_outline_is_visible_against_the_basemap[alto-palette2]" time="0.001" /><testcase classname="tests.test_theme" name="test_cell_outline_is_visible_against_the_basemap[desconocido-palette3]" time="0.001" /><testcase classname="tests.test_theme" name="test_solid_background_admits_legible_text[bajo-palette0]" time="0.001" /><testcase classname="tests.test_theme" name="test_solid_background_admits_legible_text[medio-palette1]" time="0.001" /><testcase classname="tests.test_theme" name="test_solid_background_admits_legible_text[alto-palette2]" time="0.002" /><testcase classname="tests.test_theme" name="test_solid_background_admits_legible_text[desconocido-palette3]" time="0.001" /><testcase classname="tests.test_theme" name="test_cell_fill_reaches_the_graphic_threshold_or_is_a_recorded_deficit[bajo-palette0]" time="0.001" /><testcase classname="tests.test_theme" name="test_cell_fill_reaches_the_graphic_threshold_or_is_a_recorded_deficit[medio-palette1]" time="0.001" /><testcase classname="tests.test_theme" name="test_cell_fill_reaches_the_graphic_threshold_or_is_a_recorded_deficit[alto-palette2]" time="0.001" /><testcase classname="tests.test_theme" name="test_cell_fill_reaches_the_graphic_threshold_or_is_a_recorded_deficit[desconocido-palette3]" time="0.001" /><testcase classname="tests.test_theme" name="test_highlighted_row_text_is_readable_or_is_a_recorded_deficit[bajo-palette0]" time="0.001" /><testcase classname="tests.test_theme" name="test_highlighted_row_text_is_readable_or_is_a_recorded_deficit[medio-palette1]" time="0.001" /><testcase classname="tests.test_theme" name="test_highlighted_row_text_is_readable_or_is_a_recorded_deficit[alto-palette2]" time="0.001" /><testcase classname="tests.test_theme" name="test_highlighted_row_text_is_readable_or_is_a_recorded_deficit[desconocido-palette3]" time="0.001" /><testcase classname="tests.test_theme" name="test_the_amber_that_motivated_this_phase_is_gone" time="0.001" /><testcase classname="tests.test_theme" name="test_every_declared_level_has_a_palette_and_a_glyph" time="0.001" /><testcase classname="tests.test_theme" name="test_unknown_level_resolves_to_the_neutral_palette" time="0.001" /><testcase classname="tests.test_theme" name="test_type_scale_grows_monotonically_from_micro_to_display" time="0.002" /><testcase classname="tests.test_theme" name="test_every_type_style_has_line_height_above_its_font_size" time="0.001" /><testcase classname="tests.test_ui_profesional" name="test_risk_shape_svg_uses_distinct_geometry_per_level" time="0.001" /><testcase classname="tests.test_ui_profesional" name="test_sparkline_series_uses_daily_max" time="0.007" /><testcase classname="tests.test_ui_profesional" name="test_render_ops_header" time="0.002" /><testcase classname="tests.test_ui_profesional" name="test_render_corridor_verified_note" time="0.001" /><testcase classname="tests.test_ui_profesional" name="test_render_mayor_riesgo_block" time="0.007" /><testcase classname="tests.test_ui_profesional" name="test_render_variable_strip" time="0.002" /><testcase classname="tests.test_ui_profesional" name="test_render_level_summary_chips" time="0.014" /><testcase classname="tests.test_ui_profesional" name="test_render_ops_detail_panel" time="0.012" /><testcase classname="tests.test_ui_profesional" name="test_render_four_state_legend" time="0.001" /><testcase classname="tests.test_ui_profesional" name="test_render_operational_verification_footer" time="0.002" /></testsuite></testsuites>